WARNING 2019/01/20 20:22:05 utils.go:107: <nil> Failed to get cookie
WARNING 2019/01/22 18:34:41 utils.go:107: <nil> Failed to get cookie
ERROR 2019/01/22 18:35:29 utils.go:102: sql: no rows in result set Cannot find user
WARNING 2019/01/22 18:37:10 utils.go:107: <nil> Failed to get cookie
WARNING 2019/01/29 22:45:04 utils.go:107: <nil> Failed to get cookie
ERROR 2019/01/29 22:51:21 utils.go:102: pq: duplicate key value violates unique constraint "users_email_key" Cannot create user
ERROR 2019/02/01 15:44:58 utils.go:102: pq: column "user_id" does not exist
ERROR 2019/02/01 15:44:58 utils.go:102: pq: column "user_id" does not exist
ERROR 2019/02/01 15:45:53 utils.go:102: pq: column "user_id" does not exist
WARNING 2019/02/01 15:48:27 utils.go:107: <nil> Failed to get cookie
ERROR 2019/02/01 15:48:42 utils.go:102: pq: column "user_id" does not exist
ERROR 2019/02/01 15:48:43 utils.go:102: pq: column "user_id" does not exist
WARNING 2019/02/01 15:50:11 utils.go:107: <nil> Failed to get cookie
ERROR 2019/02/01 15:50:21 utils.go:102: sql: Scan error on column index 0, name "level": destination not a pointer
ERROR 2019/02/01 15:50:21 utils.go:102: sql: Scan error on column index 0, name "level": destination not a pointer
ERROR 2019/02/01 15:50:49 utils.go:102: sql: Scan error on column index 0, name "level": destination not a pointer
ERROR 2019/02/01 15:52:06 utils.go:102: sql: no rows in result set
WARNING 2019/02/01 15:52:07 utils.go:107: <nil> Failed to get cookie
ERROR 2019/02/01 15:52:16 utils.go:102: sql: no rows in result set
ERROR 2019/02/01 15:52:16 utils.go:102: sql: no rows in result set
WARNING 2019/02/01 15:54:42 utils.go:107: <nil> Failed to get cookie
ERROR 2019/02/01 16:45:00 utils.go:102: sql: no rows in result set
ERROR 2019/02/01 16:45:00 utils.go:102: sql: no rows in result set
ERROR 2019/02/01 16:45:01 utils.go:102: sql: no rows in result set
ERROR 2019/02/01 16:45:01 utils.go:102: sql: no rows in result set
WARNING 2019/02/01 16:45:07 utils.go:107: <nil> Failed to get cookie
ERROR 2019/02/01 16:45:18 utils.go:102: sql: no rows in result set
ERROR 2019/02/01 16:45:18 utils.go:102: sql: no rows in result set
ERROR 2019/02/01 16:46:08 utils.go:102: sql: no rows in result set
WARNING 2019/02/01 16:46:10 utils.go:107: <nil> Failed to get cookie
ERROR 2019/02/01 17:01:44 utils.go:102: sql: no rows in result set Cannot find user
WARNING 2019/02/01 17:06:07 utils.go:107: <nil> Failed to get cookie
ERROR 2019/02/01 17:06:13 utils.go:102: sql: no rows in result set Cannot find user
WARNING 2019/02/01 17:07:35 utils.go:107: <nil> Failed to get cookie
WARNING 2019/02/01 17:08:32 utils.go:107: <nil> Failed to get cookie
ERROR 2019/02/01 17:08:43 utils.go:102: pq: column "level" does not exist
WARNING 2019/02/01 17:10:36 utils.go:107: <nil> Failed to get cookie
ERROR 2019/02/01 17:12:37 utils.go:102: sql: no rows in result set
ERROR 2019/02/01 17:12:37 utils.go:102: sql: no rows in result set
ERROR 2019/02/01 17:12:41 utils.go:102: sql: no rows in result set
ERROR 2019/02/01 17:14:01 utils.go:102: sql: no rows in result set
ERROR 2019/02/01 17:14:14 utils.go:102: sql: no rows in result set
ERROR 2019/02/01 18:28:03 utils.go:102: sql: no rows in result set
ERROR 2019/02/01 18:37:43 utils.go:102: sql: no rows in result set
ERROR 2019/02/01 18:37:44 utils.go:102: sql: no rows in result set
WARNING 2019/02/01 18:37:55 utils.go:107: <nil> Failed to get cookie
ERROR 2019/02/01 18:38:25 utils.go:102: sql: no rows in result set
ERROR 2019/02/01 18:38:25 utils.go:102: sql: no rows in result set
ERROR 2019/02/01 18:38:34 utils.go:102: sql: no rows in result set
ERROR 2019/02/01 20:09:48 utils.go:102: dial tcp 68.183.81.97:5432: connect: connection refused Cannot create user
ERROR 2019/02/01 20:14:32 utils.go:102: dial tcp 68.183.81.97:5432: connect: connection refused Cannot create user
ERROR 2019/02/01 20:16:24 utils.go:102: dial tcp 68.183.81.97:5432: connect: connection refused Cannot create user
ERROR 2019/02/01 20:18:38 utils.go:102: dial tcp 68.183.81.97:5433: connect: connection refused Cannot create user
ERROR 2019/02/04 07:06:24 utils.go:102: pq: password authentication failed for user "root" Cannot create user
ERROR 2019/02/04 07:08:49 utils.go:102: pq: password authentication failed for user "root" Cannot create user
ERROR 2019/02/04 07:16:07 utils.go:102: sql: no rows in result set
ERROR 2019/02/04 07:16:07 utils.go:102: sql: no rows in result set
ERROR 2019/02/04 07:16:14 utils.go:102: sql: no rows in result set
ERROR 2019/02/04 07:16:15 utils.go:102: sql: no rows in result set
ERROR 2019/02/04 07:16:17 utils.go:102: sql: no rows in result set
ERROR 2019/02/04 07:16:22 utils.go:102: sql: no rows in result set
ERROR 2019/02/04 07:16:22 utils.go:102: sql: no rows in result set
ERROR 2019/02/04 07:35:10 utils.go:102: sql: no rows in result set
ERROR 2019/02/04 07:35:11 utils.go:102: sql: no rows in result set
ERROR 2019/02/04 07:35:13 utils.go:102: sql: no rows in result set
ERROR 2019/02/04 07:35:15 utils.go:102: sql: no rows in result set
ERROR 2019/02/04 07:35:15 utils.go:102: sql: no rows in result set
ERROR 2019/02/04 07:35:17 utils.go:102: sql: no rows in result set
ERROR 2019/02/04 07:35:18 utils.go:102: sql: no rows in result set
ERROR 2019/02/04 07:42:10 utils.go:102: sql: no rows in result set
ERROR 2019/02/04 07:44:28 utils.go:102: sql: no rows in result set Cannot find user
ERROR 2019/02/04 08:03:37 utils.go:102: sql: no rows in result set
ERROR 2019/02/04 08:03:50 utils.go:102: sql: no rows in result set
ERROR 2019/02/04 08:03:59 utils.go:102: sql: no rows in result set
ERROR 2019/02/04 08:04:04 utils.go:102: sql: no rows in result set
ERROR 2019/02/04 08:04:16 utils.go:102: pq: duplicate key value violates unique constraint "users_username_key" Cannot create user
ERROR 2019/02/04 08:04:17 utils.go:102: sql: no rows in result set
ERROR 2019/02/04 08:04:22 utils.go:102: sql: no rows in result set
ERROR 2019/02/04 08:04:24 utils.go:102: sql: no rows in result set
ERROR 2019/02/04 08:04:24 utils.go:102: sql: no rows in result set
ERROR 2019/02/04 08:04:40 utils.go:102: sql: no rows in result set
ERROR 2019/02/04 08:04:49 utils.go:102: sql: no rows in result set
ERROR 2019/02/04 08:08:57 utils.go:102: sql: no rows in result set
ERROR 2019/02/04 08:08:59 utils.go:102: sql: no rows in result set
ERROR 2019/02/04 08:09:00 utils.go:102: sql: no rows in result set
ERROR 2019/02/04 08:09:01 utils.go:102: sql: no rows in result set
ERROR 2019/02/04 09:03:47 utils.go:102: sql: no rows in result set Cannot find user
ERROR 2019/02/04 10:02:37 utils.go:102: sql: no rows in result set
ERROR 2019/02/04 10:02:37 utils.go:102: sql: no rows in result set
ERROR 2019/02/04 10:02:41 utils.go:102: sql: no rows in result set
ERROR 2019/02/04 10:02:43 utils.go:102: sql: no rows in result set
ERROR 2019/02/04 10:02:43 utils.go:102: sql: no rows in result set
ERROR 2019/02/04 11:12:19 utils.go:94: sql: no rows in result set Cannot find user
ERROR 2019/02/04 11:12:37 utils.go:94: pq: duplicate key value violates unique constraint "users_username_key" Cannot create user
ERROR 2019/02/04 11:12:58 utils.go:94: sql: no rows in result set Cannot find user
ERROR 2019/02/04 11:13:19 utils.go:94: pq: duplicate key value violates unique constraint "users_username_key" Cannot create user
ERROR 2019/02/04 11:14:24 utils.go:94: sql: no rows in result set Cannot find user
ERROR 2019/02/04 11:19:04 utils.go:94: sql: no rows in result set Cannot find user
WARNING 2019/02/04 11:50:11 utils.go:99: <nil> Failed to get cookie
ERROR 2019/02/04 11:51:56 utils.go:94: sql: no rows in result set
ERROR 2019/02/04 11:51:56 utils.go:94: sql: no rows in result set
ERROR 2019/02/04 11:51:59 utils.go:94: sql: no rows in result set
ERROR 2019/02/04 11:55:56 utils.go:94: sql: no rows in result set
WARNING 2019/02/04 12:40:50 utils.go:99: <nil> Failed to get cookie
ERROR 2019/02/04 12:41:01 utils.go:94: sql: no rows in result set
ERROR 2019/02/04 12:41:02 utils.go:94: sql: no rows in result set
ERROR 2019/02/04 12:41:04 utils.go:94: sql: no rows in result set
ERROR 2019/02/04 12:43:54 utils.go:94: sql: no rows in result set
ERROR 2019/02/04 12:43:54 utils.go:94: sql: no rows in result set
ERROR 2019/02/04 12:43:56 utils.go:94: sql: no rows in result set
ERROR 2019/02/04 12:43:56 utils.go:94: sql: no rows in result set
ERROR 2019/02/04 12:50:54 utils.go:94: sql: no rows in result set Cannot find user
WARNING 2019/02/04 13:16:12 utils.go:99: <nil> Failed to get cookie
